1494559249706	addons.manager	DEBUG	Application has been upgraded
1494559249877	addons.manager	DEBUG	Loaded provider scope for resource://gre/modules/addons/XPIProvider.jsm: ["XPIProvider"]
1494559249878	addons.manager	DEBUG	Loaded provider scope for resource://gre/modules/LightweightThemeManager.jsm: ["LightweightThemeManager"]
1494559249881	addons.manager	DEBUG	Loaded provider scope for resource://gre/modules/addons/GMPProvider.jsm
1494559249885	addons.manager	DEBUG	Loaded provider scope for resource://gre/modules/addons/PluginProvider.jsm
1494559249886	addons.manager	DEBUG	Starting provider: XPIProvider
1494559249887	addons.xpi	DEBUG	startup
1494559249887	addons.xpi	INFO	Removing all system add-on upgrades.
1494559249888	addons.xpi	INFO	SystemAddonInstallLocation directory is missing
1494559249890	addons.xpi	INFO	Mapping aushelper@mozilla.org to C:\Program Files (x86)\Mozilla Firefox\browser\features\aushelper@mozilla.org.xpi
1494559249890	addons.xpi	INFO	Mapping e10srollout@mozilla.org to C:\Program Files (x86)\Mozilla Firefox\browser\features\e10srollout@mozilla.org.xpi
1494559249891	addons.xpi	INFO	Mapping firefox@getpocket.com to C:\Program Files (x86)\Mozilla Firefox\browser\features\firefox@getpocket.com.xpi
1494559249891	addons.xpi	INFO	Mapping webcompat@mozilla.org to C:\Program Files (x86)\Mozilla Firefox\browser\features\webcompat@mozilla.org.xpi
1494559249892	addons.xpi	INFO	Mapping {972ce4c6-7e08-4474-a285-3208198ce6fd} to C:\Program Files (x86)\Mozilla Firefox\browser\extensions\{972ce4c6-7e08-4474-a285-3208198ce6fd}.xpi
1494559249893	addons.xpi	DEBUG	checkForChanges
1494559249894	addons.xpi	INFO	SystemAddonInstallLocation directory is missing
1494559249894	addons.xpi	DEBUG	Loaded add-on state from prefs: {}
1494559249895	addons.xpi	DEBUG	New add-on aushelper@mozilla.org in app-system-defaults
1494559249896	addons.xpi	DEBUG	getModTime: Recursive scan of aushelper@mozilla.org
1494559249897	addons.xpi	DEBUG	New add-on e10srollout@mozilla.org in app-system-defaults
1494559249898	addons.xpi	DEBUG	getModTime: Recursive scan of e10srollout@mozilla.org
1494559249899	addons.xpi	DEBUG	New add-on firefox@getpocket.com in app-system-defaults
1494559249900	addons.xpi	DEBUG	getModTime: Recursive scan of firefox@getpocket.com
1494559249901	addons.xpi	DEBUG	New add-on webcompat@mozilla.org in app-system-defaults
1494559249901	addons.xpi	DEBUG	getModTime: Recursive scan of webcompat@mozilla.org
1494559249902	addons.xpi	DEBUG	New add-on {972ce4c6-7e08-4474-a285-3208198ce6fd} in app-global
1494559249903	addons.xpi	DEBUG	getModTime: Recursive scan of {972ce4c6-7e08-4474-a285-3208198ce6fd}
1494559249903	addons.xpi	DEBUG	getInstallState changed: true, state: {"app-system-defaults":{"aushelper@mozilla.org":{"d":"C:\\Program Files (x86)\\Mozilla Firefox\\browser\\features\\aushelper@mozilla.org.xpi","st":1492153092563},"e10srollout@mozilla.org":{"d":"C:\\Program Files (x86)\\Mozilla Firefox\\browser\\features\\e10srollout@mozilla.org.xpi","st":1492153092565},"firefox@getpocket.com":{"d":"C:\\Program Files (x86)\\Mozilla Firefox\\browser\\features\\firefox@getpocket.com.xpi","st":1492153092615},"webcompat@mozilla.org":{"d":"C:\\Program Files (x86)\\Mozilla Firefox\\browser\\features\\webcompat@mozilla.org.xpi","st":1492153092617}},"app-global":{"{972ce4c6-7e08-4474-a285-3208198ce6fd}":{"d":"C:\\Program Files (x86)\\Mozilla Firefox\\browser\\extensions\\{972ce4c6-7e08-4474-a285-3208198ce6fd}.xpi","st":1492153092562}}}
1494559249916	addons.xpi-utils	DEBUG	Opening XPI database C:\Users\ADMINI~1\AppData\Local\Temp\rust_mozprofile.b7pMktZtN8Qn\extensions.json
1494559249918	addons.xpi-utils	DEBUG	New add-on aushelper@mozilla.org installed in app-system-defaults
*** Blocklist::_loadBlocklistFromFile: blocklist is disabled
1494559249929	DeferredSave.extensions.json	DEBUG	Save changes
1494559249929	addons.xpi-utils	DEBUG	New add-on e10srollout@mozilla.org installed in app-system-defaults
1494559249933	DeferredSave.extensions.json	DEBUG	Starting timer
1494559249935	DeferredSave.extensions.json	DEBUG	Save changes
1494559249935	addons.xpi-utils	DEBUG	New add-on firefox@getpocket.com installed in app-system-defaults
1494559249942	DeferredSave.extensions.json	DEBUG	Save changes
1494559249942	addons.xpi-utils	DEBUG	New add-on webcompat@mozilla.org installed in app-system-defaults
1494559249946	DeferredSave.extensions.json	DEBUG	Save changes
1494559249948	addons.xpi-utils	DEBUG	New add-on {972ce4c6-7e08-4474-a285-3208198ce6fd} installed in app-global
1494559249951	DeferredSave.extensions.json	DEBUG	Save changes
1494559249952	addons.manager	DEBUG	Registering startup change 'installed' for aushelper@mozilla.org
1494559249960	addons.xpi	DEBUG	Loading bootstrap scope from C:\Program Files (x86)\Mozilla Firefox\browser\features\aushelper@mozilla.org.xpi
1494559249965	addons.xpi	DEBUG	Calling bootstrap method install on aushelper@mozilla.org version 2.0
1494559249965	addons.xpi-utils	DEBUG	Make addon app-system-defaults:aushelper@mozilla.org visible
1494559249965	DeferredSave.extensions.json	DEBUG	Save changes
1494559249966	addons.manager	DEBUG	Registering startup change 'installed' for e10srollout@mozilla.org
1494559249966	addons.xpi	DEBUG	Loading bootstrap scope from C:\Program Files (x86)\Mozilla Firefox\browser\features\e10srollout@mozilla.org.xpi
1494559249969	addons.xpi	DEBUG	Calling bootstrap method install on e10srollout@mozilla.org version 1.14
1494559249970	addons.xpi-utils	DEBUG	Make addon app-system-defaults:e10srollout@mozilla.org visible
1494559249970	DeferredSave.extensions.json	DEBUG	Save changes
1494559249971	addons.manager	DEBUG	Registering startup change 'installed' for firefox@getpocket.com
1494559249971	addons.xpi	DEBUG	Loading bootstrap scope from C:\Program Files (x86)\Mozilla Firefox\browser\features\firefox@getpocket.com.xpi
1494559249974	addons.xpi	DEBUG	Calling bootstrap method install on firefox@getpocket.com version 1.0.5
1494559249974	addons.xpi-utils	DEBUG	Make addon app-system-defaults:firefox@getpocket.com visible
1494559249975	DeferredSave.extensions.json	DEBUG	Save changes
1494559249975	addons.manager	DEBUG	Registering startup change 'installed' for webcompat@mozilla.org
1494559249975	addons.xpi	DEBUG	Loading bootstrap scope from C:\Program Files (x86)\Mozilla Firefox\browser\features\webcompat@mozilla.org.xpi
1494559249977	addons.xpi	DEBUG	Calling bootstrap method install on webcompat@mozilla.org version 1.0
1494559249977	addons.xpi-utils	DEBUG	Make addon app-system-defaults:webcompat@mozilla.org visible
1494559249977	DeferredSave.extensions.json	DEBUG	Save changes
1494559249977	addons.xpi-utils	DEBUG	Make addon app-global:{972ce4c6-7e08-4474-a285-3208198ce6fd} visible
1494559249977	DeferredSave.extensions.json	DEBUG	Save changes
1494559249978	addons.xpi	DEBUG	Updating XPIState for {"id":"aushelper@mozilla.org","syncGUID":"{1cd88444-f169-42e2-932f-43c94f01675d}","location":"app-system-defaults","version":"2.0","type":"extension","internalName":null,"updateURL":null,"updateKey":null,"optionsURL":null,"optionsType":null,"aboutURL":null,"icons":{},"iconURL":null,"icon64URL":null,"defaultLocale":{"name":"Application Update Service Helper","description":"Sets value(s) in the update url based on custom checks.","creator":null,"homepageURL":null},"visible":true,"active":true,"userDisabled":false,"appDisabled":false,"descriptor":"C:\\Program Files (x86)\\Mozilla Firefox\\browser\\features\\aushelper@mozilla.org.xpi","installDate":1492153092563,"updateDate":1492153092563,"applyBackgroundUpdates":1,"bootstrap":true,"skinnable":false,"size":8486,"sourceURI":null,"releaseNotesURI":null,"softDisabled":false,"foreignInstall":false,"hasBinaryComponents":false,"strictCompatibility":false,"locales":[],"targetApplications":[{"id":"{ec8030f7-c20a-464f-9b0e-13a3a9e97384}","minVersion":"53.0","maxVersion":"53.*"}],"targetPlatforms":[],"multiprocessCompatible":true,"seen":true,"dependencies":[],"hasEmbeddedWebExtension":false,"mpcOptedOut":false,"userPermissions":null}
1494559249978	addons.xpi	DEBUG	getModTime: Recursive scan of aushelper@mozilla.org
1494559249978	addons.xpi	DEBUG	Updating XPIState for {"id":"e10srollout@mozilla.org","syncGUID":"{2708ffc9-2cb3-47b1-84f7-c21a20e5c6ec}","location":"app-system-defaults","version":"1.14","type":"extension","internalName":null,"updateURL":null,"updateKey":null,"optionsURL":null,"optionsType":null,"aboutURL":null,"icons":{},"iconURL":null,"icon64URL":null,"defaultLocale":{"name":"Multi-process staged rollout","description":"Staged rollout of Firefox multi-process feature.","creator":null,"homepageURL":null},"visible":true,"active":true,"userDisabled":false,"appDisabled":false,"descriptor":"C:\\Program Files (x86)\\Mozilla Firefox\\browser\\features\\e10srollout@mozilla.org.xpi","installDate":1492153092565,"updateDate":1492153092565,"applyBackgroundUpdates":1,"bootstrap":true,"skinnable":false,"size":8476,"sourceURI":null,"releaseNotesURI":null,"softDisabled":false,"foreignInstall":false,"hasBinaryComponents":false,"strictCompatibility":false,"locales":[],"targetApplications":[{"id":"{ec8030f7-c20a-464f-9b0e-13a3a9e97384}","minVersion":"53.0","maxVersion":"53.*"}],"targetPlatforms":[],"multiprocessCompatible":true,"seen":true,"dependencies":[],"hasEmbeddedWebExtension":false,"mpcOptedOut":false,"userPermissions":null}
1494559249978	addons.xpi	DEBUG	getModTime: Recursive scan of e10srollout@mozilla.org
1494559249979	addons.xpi	DEBUG	Updating XPIState for {"id":"firefox@getpocket.com","syncGUID":"{62ce2146-3f45-4517-9abd-7ed883a58504}","location":"app-system-defaults","version":"1.0.5","type":"extension","internalName":null,"updateURL":null,"updateKey":null,"optionsURL":null,"optionsType":null,"aboutURL":null,"icons":{},"iconURL":null,"icon64URL":null,"defaultLocale":{"name":"Pocket","description":"When you find something you want to view later, put it in Pocket.","creator":null,"homepageURL":null},"visible":true,"active":true,"userDisabled":false,"appDisabled":false,"descriptor":"C:\\Program Files (x86)\\Mozilla Firefox\\browser\\features\\firefox@getpocket.com.xpi","installDate":1492153092615,"updateDate":1492153092615,"applyBackgroundUpdates":1,"bootstrap":true,"skinnable":false,"size":913609,"sourceURI":null,"releaseNotesURI":null,"softDisabled":false,"foreignInstall":false,"hasBinaryComponents":false,"strictCompatibility":false,"locales":[],"targetApplications":[{"id":"{ec8030f7-c20a-464f-9b0e-13a3a9e97384}","minVersion":"53.0","maxVersion":"53.*"}],"targetPlatforms":[],"multiprocessCompatible":true,"seen":true,"dependencies":[],"hasEmbeddedWebExtension":false,"mpcOptedOut":false,"userPermissions":null}
1494559249979	addons.xpi	DEBUG	getModTime: Recursive scan of firefox@getpocket.com
1494559249979	addons.xpi	DEBUG	Updating XPIState for {"id":"webcompat@mozilla.org","syncGUID":"{d3215398-85bf-4239-ba48-965278f2a441}","location":"app-system-defaults","version":"1.0","type":"extension","internalName":null,"updateURL":null,"updateKey":null,"optionsURL":null,"optionsType":null,"aboutURL":null,"icons":{},"iconURL":null,"icon64URL":null,"defaultLocale":{"name":"Web Compat","description":"Urgent post-release fixes for web compatibility.","creator":null,"homepageURL":null},"visible":true,"active":true,"userDisabled":false,"appDisabled":false,"descriptor":"C:\\Program Files (x86)\\Mozilla Firefox\\browser\\features\\webcompat@mozilla.org.xpi","installDate":1492153092617,"updateDate":1492153092617,"applyBackgroundUpdates":1,"bootstrap":true,"skinnable":false,"size":1454,"sourceURI":null,"releaseNotesURI":null,"softDisabled":false,"foreignInstall":false,"hasBinaryComponents":false,"strictCompatibility":false,"locales":[],"targetApplications":[{"id":"{ec8030f7-c20a-464f-9b0e-13a3a9e97384}","minVersion":"53.0","maxVersion":"53.*"}],"targetPlatforms":[],"multiprocessCompatible":true,"seen":true,"dependencies":[],"hasEmbeddedWebExtension":false,"mpcOptedOut":false,"userPermissions":null}
1494559249979	addons.xpi	DEBUG	getModTime: Recursive scan of webcompat@mozilla.org
1494559249979	addons.xpi	DEBUG	Updating XPIState for {"id":"{972ce4c6-7e08-4474-a285-3208198ce6fd}","syncGUID":"{c811c0a0-7594-4424-b0f6-9d0083e5a808}","location":"app-global","version":"53.0","type":"theme","internalName":"classic/1.0","updateURL":null,"updateKey":null,"optionsURL":null,"optionsType":null,"aboutURL":null,"icons":{},"iconURL":"chrome://browser/content/default-theme-icon.svg","icon64URL":null,"defaultLocale":{"name":"Default","description":"The default theme.","creator":"Mozilla","homepageURL":null,"contributors":["Mozilla Contributors"]},"visible":true,"active":true,"userDisabled":false,"appDisabled":false,"descriptor":"C:\\Program Files (x86)\\Mozilla Firefox\\browser\\extensions\\{972ce4c6-7e08-4474-a285-3208198ce6fd}.xpi","installDate":1492153092562,"updateDate":1492153092562,"applyBackgroundUpdates":1,"skinnable":true,"size":8201,"sourceURI":null,"releaseNotesURI":null,"softDisabled":false,"foreignInstall":false,"hasBinaryComponents":false,"strictCompatibility":true,"locales":[],"targetApplications":[{"id":"{ec8030f7-c20a-464f-9b0e-13a3a9e97384}","minVersion":"53.0","maxVersion":"53.0"}],"targetPlatforms":[],"seen":true,"dependencies":[],"hasEmbeddedWebExtension":false,"userPermissions":null}
1494559249979	addons.xpi	DEBUG	getModTime: Recursive scan of {972ce4c6-7e08-4474-a285-3208198ce6fd}
1494559249980	DeferredSave.extensions.json	DEBUG	Save changes
1494559249981	addons.xpi	DEBUG	Updating database with changes to installed add-ons
1494559249981	addons.xpi-utils	DEBUG	Updating add-on states
1494559249982	addons.xpi-utils	DEBUG	Writing add-ons list
1494559249986	addons.xpi	DEBUG	Registering manifest for C:\Program Files (x86)\Mozilla Firefox\browser\features\aushelper@mozilla.org.xpi
1494559249986	addons.xpi	DEBUG	Calling bootstrap method startup on aushelper@mozilla.org version 2.0
1494559249988	addons.xpi	DEBUG	Registering manifest for C:\Program Files (x86)\Mozilla Firefox\browser\features\e10srollout@mozilla.org.xpi
1494559249989	addons.xpi	DEBUG	Calling bootstrap method startup on e10srollout@mozilla.org version 1.14
1494559249990	addons.xpi	DEBUG	Registering manifest for C:\Program Files (x86)\Mozilla Firefox\browser\features\firefox@getpocket.com.xpi
1494559249990	addons.xpi	DEBUG	Calling bootstrap method startup on firefox@getpocket.com version 1.0.5
1494559249991	addons.xpi	DEBUG	Registering manifest for C:\Program Files (x86)\Mozilla Firefox\browser\features\webcompat@mozilla.org.xpi
1494559249991	addons.xpi	DEBUG	Calling bootstrap method startup on webcompat@mozilla.org version 1.0
1494559249993	addons.manager	DEBUG	Registering shutdown blocker for XPIProvider
1494559249993	addons.manager	DEBUG	Provider finished startup: XPIProvider
1494559249993	addons.manager	DEBUG	Starting provider: LightweightThemeManager
1494559249993	addons.manager	DEBUG	Registering shutdown blocker for LightweightThemeManager
1494559249994	addons.manager	DEBUG	Provider finished startup: LightweightThemeManager
1494559249994	addons.manager	DEBUG	Starting provider: GMPProvider
1494559249999	addons.manager	DEBUG	Registering shutdown blocker for GMPProvider
1494559250000	addons.manager	DEBUG	Provider finished startup: GMPProvider
1494559250000	addons.manager	DEBUG	Starting provider: PluginProvider
1494559250000	addons.manager	DEBUG	Registering shutdown blocker for PluginProvider
1494559250000	addons.manager	DEBUG	Provider finished startup: PluginProvider
1494559250000	addons.manager	DEBUG	Completed startup sequence
1494559251230	addons.manager	DEBUG	Starting provider: <unnamed-provider>
1494559251230	addons.manager	DEBUG	Registering shutdown blocker for <unnamed-provider>
1494559251230	addons.manager	DEBUG	Provider finished startup: <unnamed-provider>
1494559251296	addons.manager	DEBUG	Starting provider: PreviousExperimentProvider
1494559251296	addons.manager	DEBUG	Registering shutdown blocker for PreviousExperimentProvider
1494559251296	addons.manager	DEBUG	Provider finished startup: PreviousExperimentProvider
1494559251298	DeferredSave.extensions.json	DEBUG	Starting write
1494559251472	DeferredSave.extensions.json	DEBUG	Write succeeded
1494559251473	addons.xpi-utils	DEBUG	XPI Database saved, setting schema version preference to 19
1494559252860	Marionette	INFO	Listening on port 10401
1494559263597	addons.xpi	DEBUG	Calling bootstrap method shutdown on webcompat@mozilla.org version 1.0
1494559263598	addons.xpi	DEBUG	Calling bootstrap method shutdown on firefox@getpocket.com version 1.0.5
1494559263598	addons.xpi	DEBUG	Calling bootstrap method shutdown on e10srollout@mozilla.org version 1.14
1494559263599	addons.xpi	DEBUG	Calling bootstrap method shutdown on aushelper@mozilla.org version 2.0
[GPU 10704] WARNING: pipe error: 109: file c:/builds/moz2_slave/m-rel-w32-00000000000000000000/build/src/ipc/chromium/src/chrome/common/ipc_channel_win.cc, line 346
[GPU 10704] WARNING: pipe error: 109: file c:/builds/moz2_slave/m-rel-w32-00000000000000000000/build/src/ipc/chromium/src/chrome/common/ipc_channel_win.cc, line 346
1494559263808	addons.manager	DEBUG	shutdown
1494559263808	addons.manager	DEBUG	Calling shutdown blocker for XPIProvider
1494559263808	addons.xpi	DEBUG	shutdown
1494559263808	addons.xpi-utils	DEBUG	shutdown
1494559263809	addons.manager	DEBUG	Calling shutdown blocker for LightweightThemeManager
1494559263809	addons.manager	DEBUG	Calling shutdown blocker for GMPProvider
1494559263811	addons.manager	DEBUG	Calling shutdown blocker for PluginProvider
1494559263811	addons.manager	DEBUG	Calling shutdown blocker for <unnamed-provider>
1494559263812	addons.manager	DEBUG	Calling shutdown blocker for PreviousExperimentProvider
1494559263815	addons.xpi	DEBUG	Notifying XPI shutdown observers
1494559263819	addons.manager	DEBUG	Async provider shutdown done

###!!! [Child][MessageChannel::SendAndWait] Error: Channel error: cannot send/recv

blocker for GMPProvider
1494559079018	addons.manager	DEBUG	Calling shutdown blocker for PluginProvider
1494559079018	addons.manager	DEBUG	Calling shutdown blocker for <unnamed-provider>
1494559079020	addons.manager	DEBUG	Calling shutdown blocker for PreviousExperimentProvider
1494559079022	addons.xpi	DEBUG	Notifying XPI shutdown observers
1494559079025	addons.manager	DEBUG	Async provider shutdown done
[NPAPI 24476] WARNING: pipe error: 109: file c:/builds/moz2_slave/m-rel-w32-00000000000000000000/build/src/ipc/chromium/src/chrome/common/ipc_channel_win.cc, line 346

###!!! [Child][MessageChannel::SendAndWait] Error: Channel error: cannot send/recv

-00000000000000000000/build/src/ipc/glue/MessageChannel.cpp, line 2143
[Child 1184] WARNING: pipe error: 232: file c:/builds/moz2_slave/m-rel-w32-00000000000000000000/build/src/ipc/chromium/src/chrome/common/ipc_channel_win.cc, line 512
[Child 1184] ###!!! ABORT: Aborting on channel error.: file c:/builds/moz2_slave/m-rel-w32-00000000000000000000/build/src/ipc/glue/MessageChannel.cpp, line 2143
a function
JavaScript error: https://sp0.baidu.com/5a1Fazu8AA54nxGko9WTAnF6hhy/su?wd=HTMLTestRunner&json=1&p=3&sid=22162_1446_21125_22748_17001_22073&req=2&csor=14&pwd=HTMLTestRunne&cb=jQuery110205404139447644765_1493891426748&_=1493891426763, line 1: TypeError: jQuery110205404139447644765_1493891426748 is not a function
[Child 55936] WARNING: pipe error: 232: file c:/builds/moz2_slave/m-rel-w32-00000000000000000000/build/src/ipc/chromium/src/chrome/common/ipc_channel_win.cc, line 512
[Child 55936] ###!!! ABORT: Aborting on channel error.: file c:/builds/moz2_slave/m-rel-w32-00000000000000000000/build/src/ipc/glue/MessageChannel.cpp, line 2143
[NPAPI 78584] ###!!! ABORT: Aborting on channel error.: file c:/builds/moz2_slave/m-rel-w32-00000000000000000000/build/src/ipc/glue/MessageChannel.cpp, line 2143
